<?xml version="1.0" encoding="UTF-8"?>
<testsuite xmlns:xsi="http://www.w3.org/2001/XMLSchema-instance" xsi:noNamespaceSchemaLocation="https://maven.apache.org/surefire/maven-surefire-plugin/xsd/surefire-test-report.xsd" name="com.spe.project.CalculatorTest" time="0.07" tests="4" errors="0" skipped="0" failures="0">
  <properties>
    <property name="sun.desktop" value="gnome"/>
    <property name="awt.toolkit" value="sun.awt.X11.XToolkit"/>
    <property name="java.specification.version" value="11"/>
    <property name="sun.cpu.isalist" value=""/>
    <property name="sun.jnu.encoding" value="UTF-8"/>
    <property name="java.class.path" value="/home/kay_r0hit/IdeaProjects/spe_mini_project/mini_project/target/test-classes:/home/kay_r0hit/IdeaProjects/spe_mini_project/mini_project/target/classes:/home/kay_r0hit/.m2/repository/junit/junit/4.11/junit-4.11.jar:/home/kay_r0hit/.m2/repository/org/hamcrest/hamcrest-core/1.3/hamcrest-core-1.3.jar:"/>
    <property name="java.vm.vendor" value="Amazon.com Inc."/>
    <property name="sun.arch.data.model" value="64"/>
    <property name="java.vendor.url" value="https://aws.amazon.com/corretto/"/>
    <property name="user.timezone" value=""/>
    <property name="java.vm.specification.version" value="11"/>
    <property name="os.name" value="Linux"/>
    <property name="sun.java.launcher" value="SUN_STANDARD"/>
    <property name="user.country" value="IN"/>
    <property name="sun.boot.library.path" value="/home/kay_r0hit/.jdks/corretto-11.0.17/lib"/>
    <property name="sun.java.command" value="/home/kay_r0hit/IdeaProjects/spe_mini_project/mini_project/target/surefire/surefirebooter11098795650480976269.jar /home/kay_r0hit/IdeaProjects/spe_mini_project/mini_project/target/surefire 2023-03-02T10-11-22_149-jvmRun1 surefire4472169931375557240tmp surefire_09981280450008436850tmp"/>
    <property name="jdk.debug" value="release"/>
    <property name="surefire.test.class.path" value="/home/kay_r0hit/IdeaProjects/spe_mini_project/mini_project/target/test-classes:/home/kay_r0hit/IdeaProjects/spe_mini_project/mini_project/target/classes:/home/kay_r0hit/.m2/repository/junit/junit/4.11/junit-4.11.jar:/home/kay_r0hit/.m2/repository/org/hamcrest/hamcrest-core/1.3/hamcrest-core-1.3.jar:"/>
    <property name="sun.cpu.endian" value="little"/>
    <property name="user.home" value="/home/kay_r0hit"/>
    <property name="user.language" value="en"/>
    <property name="java.specification.vendor" value="Oracle Corporation"/>
    <property name="java.version.date" value="2022-10-18"/>
    <property name="java.home" value="/home/kay_r0hit/.jdks/corretto-11.0.17"/>
    <property name="file.separator" value="/"/>
    <property name="basedir" value="/home/kay_r0hit/IdeaProjects/spe_mini_project/mini_project"/>
    <property name="java.vm.compressedOopsMode" value="32-bit"/>
    <property name="line.separator" value="&#10;"/>
    <property name="java.specification.name" value="Java Platform API Specification"/>
    <property name="java.vm.specification.vendor" value="Oracle Corporation"/>
    <property name="java.awt.graphicsenv" value="sun.awt.X11GraphicsEnvironment"/>
    <property name="surefire.real.class.path" value="/home/kay_r0hit/IdeaProjects/spe_mini_project/mini_project/target/surefire/surefirebooter11098795650480976269.jar"/>
    <property name="sun.management.compiler" value="HotSpot 64-Bit Tiered Compilers"/>
    <property name="java.runtime.version" value="11.0.17+8-LTS"/>
    <property name="user.name" value="kay_r0hit"/>
    <property name="path.separator" value=":"/>
    <property name="os.version" value="6.1.11-76060111-generic"/>
    <property name="java.runtime.name" value="OpenJDK Runtime Environment"/>
    <property name="file.encoding" value="UTF-8"/>
    <property name="java.vm.name" value="OpenJDK 64-Bit Server VM"/>
    <property name="java.vendor.version" value="Corretto-11.0.17.8.1"/>
    <property name="localRepository" value="/home/kay_r0hit/.m2/repository"/>
    <property name="java.vendor.url.bug" value="https://github.com/corretto/corretto-11/issues/"/>
    <property name="java.io.tmpdir" value="/tmp"/>
    <property name="idea.version" value="2022.3.2"/>
    <property name="java.version" value="11.0.17"/>
    <property name="user.dir" value="/home/kay_r0hit/IdeaProjects/spe_mini_project/mini_project"/>
    <property name="os.arch" value="amd64"/>
    <property name="java.vm.specification.name" value="Java Virtual Machine Specification"/>
    <property name="java.awt.printerjob" value="sun.print.PSPrinterJob"/>
    <property name="sun.os.patch.level" value="unknown"/>
    <property name="java.library.path" value=":/usr/java/packages/lib:/usr/lib64:/lib64:/lib:/usr/lib"/>
    <property name="java.vm.info" value="mixed mode"/>
    <property name="java.vendor" value="Amazon.com Inc."/>
    <property name="java.vm.version" value="11.0.17+8-LTS"/>
    <property name="sun.io.unicode.encoding" value="UnicodeLittle"/>
    <property name="java.class.version" value="55.0"/>
  </properties>
  <testcase name="LogTruePositive" classname="com.spe.project.CalculatorTest" time="0.004"/>
  <testcase name="PowerTruePositive" classname="com.spe.project.CalculatorTest" time="0"/>
  <testcase name="SquareTruePositive" classname="com.spe.project.CalculatorTest" time="0"/>
  <testcase name="FactorialTruePositive" classname="com.spe.project.CalculatorTest" time="0.001"/>
</testsuite>